<?xml version="1.0" encoding="UTF-8"?>
<!-- Generated by org.testng.reporters.JUnitReportReporter -->
<testsuite hostname="iRUVU-Lappy" failures="0" tests="2" name="Academy.HomePage" time="14.889" errors="0" timestamp="7 Oct 2021 15:17:41 GMT">
  <testcase classname="Academy.HomePage" name="basePageNavigation" time="2.644"/>
  <testcase classname="Academy.HomePage" name="basePageNavigation" time="12.245"/>
</testsuite> <!-- Academy.HomePage -->
