<?xml version="1.0" encoding="UTF-8"?>
<!-- Generated by org.testng.reporters.JUnitReportReporter -->
<testsuite hostname="iRUVU-Lappy" failures="0" tests="1" name="Academy.validateNavigationBar" time="0.193" errors="0" timestamp="7 Oct 2021 15:17:41 GMT">
  <testcase classname="Academy.validateNavigationBar" name="validateAppNavBar" time="0.193"/>
</testsuite> <!-- Academy.validateNavigationBar -->
